<?xml version="1.0" encoding="UTF-8"?>
<!-- Generated by org.testng.reporters.JUnitReportReporter -->
<testsuite skipped="0" hostname="Rahul" name="com.app.test.PomTestRunner" tests="2" failures="0" timestamp="03 Mar 2020 07:05:20 GMT" time="17.737" errors="0">
  <testcase name="dashboard" time="12.332" classname="com.app.test.PomTestRunner"/>
  <testcase name="loginTest" time="5.405" classname="com.app.test.PomTestRunner"/>
</testsuite> <!-- com.app.test.PomTestRunner -->
