<?xml version="1.0" encoding="UTF-8"?>
<!-- Generated by org.testng.reporters.JUnitReportReporter -->
<testsuite hostname="Rahul" name="com.app.runner.TestRunner" tests="1" failures="0" timestamp="3 Jun 2020 11:00:29 GMT" time="56.446" errors="0">
  <testcase name="feature" time="56.446" classname="com.app.runner.TestRunner"/>
</testsuite> <!-- com.app.runner.TestRunner -->
