<?xml version="1.0" encoding="UTF-8"?>
<!-- Generated by org.testng.reporters.JUnitReportReporter -->
<testsuite skipped="1" hostname="Rahul" name="com.app.test.PomTestRunner" tests="3" failures="0" timestamp="08 May 2020 15:15:50 GMT" time="19.485" errors="0">
  <testcase name="loginTest" time="6.523" classname="com.app.test.PomTestRunner"/>
  <testcase name="dashboard" time="12.946" classname="com.app.test.PomTestRunner"/>
  <testcase name="registrationTest" time="0.016" classname="com.app.test.PomTestRunner">
    <skipped/>
  </testcase> <!-- registrationTest -->
</testsuite> <!-- com.app.test.PomTestRunner -->
